<?xml version="1.0" encoding="UTF-8"?>
<!-- Generated by org.testng.reporters.JUnitReportReporter -->
<testsuite hostname="LAPTOP-GGMIJUEH" failures="0" tests="1" name="softassertt" time="9.305" errors="0" timestamp="2021-10-03T12:31:43 IST" skipped="0">
  <testcase classname="softassertt" name="soft" time="9.305"/>
  <system-out/>
</testsuite> <!-- softassertt -->
