<?xml version="1.0" encoding="UTF-8"?>
<!-- Generated by org.testng.reporters.JUnitReportReporter -->
<testsuite hostname="LAPTOP-GGMIJUEH" failures="0" tests="1" name="select" time="2.512" errors="0" timestamp="2021-10-05T15:00:41 IST" skipped="0">
  <testcase classname="select" name="selectmethod" time="2.512"/>
  <system-out/>
</testsuite> <!-- select -->
