<?xml version="1.0" encoding="UTF-8"?>
<!-- Generated by org.testng.reporters.JUnitReportReporter -->
<testsuite hostname="LAPTOP-GGMIJUEH" failures="0" tests="1" name="del" time="14.948" errors="0" timestamp="2021-10-01T16:53:55 IST" skipped="0">
  <testcase classname="del" name="nakshatra" time="14.948"/>
  <system-out/>
</testsuite> <!-- del -->
