<?xml version="1.0" encoding="UTF-8"?>
<!-- Generated by org.testng.reporters.JUnitReportReporter -->
<testsuite hostname="LAPTOP-GGMIJUEH" failures="0" tests="1" name="webtable1" time="5.482" errors="0" timestamp="2021-10-02T18:39:33 IST" skipped="0">
  <testcase classname="webtable1" name="webtable" time="5.482"/>
  <system-out/>
</testsuite> <!-- webtable1 -->
